none
"fights" "Mickey_Smith" "River_Song" 1;
"fights" "Clara_Oswald" 2;
"fights" "Clara_Oswald" 3;
"fights" "Clara_Oswald" 3;
"fights" "Amelia_Pond" "Clara_Oswald" "Nardole" "The_Doctor" 3;
"fights" "Amelia_Pond" 4;
"fights" "Amelia_Pond" "Clara_Oswald" "River_Song" "The_Doctor" 4;
"fights" "River_Song" 5;
"fights" "Amelia_Pond" "Clara_Oswald" "River_Song" "The_Doctor" 5;
"fights" "River_Song" 7;
"fights" "River_Song" "The_Doctor" 7;
"fights" "River_Song" "The_Doctor" 7; "kills" "Queen_of_Years" 2;
"fights" "River_Song" "The_Doctor" 7; "kills" "Queen_of_Years" 2;
"fights" "River_Song" "The_Doctor" 7; "kills" "Kahler" "Queen_of_Years" 2;
"fights" "River_Song" "The_Doctor" 7; "kills" "Grunt" 3;
"fights" "River_Song" "The_Doctor" 7; "kills" "Grunt" 3;
"fights" "River_Song" "The_Doctor" 7; "kills" "Akhaten" "Grunt" 3;
"fights" "River_Song" "The_Doctor" 7; "kills" "Akhaten" "Grunt" 3;
"fights" "River_Song" "The_Doctor" 7; "kills" "Akhaten" "Grunt" 3;
"fights" "River_Song" "The_Doctor" 7; "kills" "Akhaten" "Grunt" 3;
"fights" "River_Song" "The_Doctor" 7; "kills" "Akhaten" "Grunt" 3;
"fights" "River_Song" "The_Doctor" 7; "kills" "Kantrofarri" "Mister_Sweet" 4;
"fights" "The_Doctor" 7; "kills" "Kantrofarri" "Mister_Sweet" "Queen_of_Years" 4;
"fights" "The_Doctor" 7; "kills" "Kantrofarri" "Mister_Sweet" "Queen_of_Years" 4;
"fights" "The_Doctor" 7; "kills" "Kantrofarri" "Mister_Sweet" "Queen_of_Years" 4;
"fights" "The_Doctor" 6; "kills" "Kantrofarri" 4;
"fights" "The_Doctor" 6; "kills" "Kantrofarri" 4;
"fights" "The_Doctor" 6; "kills" "Kantrofarri" 4;
"fights" "River_Song" "The_Doctor" 5; "kills" "Kantrofarri" 4;
"fights" "River_Song" 5; "kills" "Kantrofarri" 4;
"fights" "River_Song" 5; "kills" "Kantrofarri" 4;
"fights" "River_Song" 5; "kills" "Kantrofarri" 4;
"fights" "River_Song" 5; "kills" "Kantrofarri" 3;
"fights" "Clara_Oswald" "River_Song" 4; "kills" "Kantrofarri" 3;
"fights" "Clara_Oswald" "River_Song" 4; "kills" "Kantrofarri" 3;
"fights" "Clara_Oswald" "River_Song" 4; "kills" "Kantrofarri" 3;
"fights" "River_Song" 4; "kills" "Kantrofarri" 3;
"fights" "Clara_Oswald" "River_Song" 3; "kills" "Kantrofarri" 3;
"fights" "Clara_Oswald" "River_Song" 3; "kills" "Kantrofarri" "Mister_Sweet" 2;
"fights" "Clara_Oswald" "River_Song" 3; "kills" "Kantrofarri" "Mister_Sweet" 2;
"fights" "Clara_Oswald" "River_Song" 3; "kills" "Kantrofarri" "Mister_Sweet" 2;
"fights" "Clara_Oswald" "River_Song" 3; "kills" "Kantrofarri" "Mister_Sweet" 2;
"fights" "Clara_Oswald" 2; "kills" "Grunt" "Kantrofarri" "Mister_Sweet" "Veil" 1;
"fights" "Clara_Oswald" 2; "kills" "Grunt" "Kantrofarri" "Mister_Sweet" "Veil" 1;
"fights" "Bill_Potts" 1; "kills" "Kantrofarri" "Mister_Sweet" "Veil" 1;
"fights" "Bill_Potts" 1; "kills" "Kantrofarri" "Mister_Sweet" "Veil" 1;
"kills" "Kantrofarri" "Veil" 1;
"kills" "Kantrofarri" "Veil" 1;
"kills" "Kantrofarri" "Veil" 1;
"kills" "Veil" 1;
"kills" "Veil" 1;
"kills" "Veil" 1;
"kills" "Veil" 1;
"kills" "Veil" 1;
