none
none
none
none
none
none
none
none
none
none
none
"grandfather" "Julian_Bashir" 1;
"grandfather" "Julian_Bashir" 1;
"grandfather" "Julian_Bashir" 1;
"grandfather" "Julian_Bashir" 1;
"grandfather" "Julian_Bashir" 1;
"grandfather" "Julian_Bashir" 1; "parent" "Ayala" 1;
"grandfather" "Julian_Bashir" 1; "parent" "Ayala" 1;
"grandfather" "Julian_Bashir" 1; "parent" "Ayala" 1;
"grandfather" "Julian_Bashir" 1; "parent" "Ayala" 1;
"grandfather" "Julian_Bashir" 1; "parent" "Ayala" 1;
"grandfather" "Julian_Bashir" 1; "parent" "Ayala" 1;
"grandfather" "Julian_Bashir" 1; "parent" "Ayala" 1;
"parent" "Ayala" 1;
"parent" "Ayala" 1;
"grandfather" "Ayala" 1; "parent" "Ayala" 1;
"grandfather" "Ayala" 1; "parent" "Ayala" 1;
"grandfather" "Ayala" 1; "parent" "Ayala" 1;
"grandfather" "Ayala" 1; "parent" "Ayala" 1;
"grandfather" "Ayala" 2; "parent" "Ayala" 1;
"grandfather" "Ayala" 1; "parent" "Ayala" 1;
"grandfather" "Ayala" 1; "parent" "Ayala" 2;
"grandfather" "Ayala" 1; "parent" "Ayala" 2;
"grandfather" "Ayala" 1; "parent" "Ayala" 2;
"grandfather" "Ayala" 1; "parent" "Ayala" 2;
"grandfather" "Ayala" 1; "parent" "Ayala" 2;
"grandfather" "Ayala" 1; "parent" "Ayala" 1;
"grandfather" "Ayala" 1; "parent" "Ayala" 2;
"grandfather" "Ayala" 1; "grandmother" "Azan" 1; "parent" "Ayala" 2;
"grandfather" "Ayala" 1; "grandmother" "Azan" 1; "parent" "Ayala" 2;
"grandfather" "Ayala" 1; "grandmother" "Azan" 1; "parent" "Ayala" 2;
"grandfather" "Ayala" 1; "grandmother" "Azan" 1; "parent" "Ayala" 2;
"grandfather" "Ayala" 1; "grandmother" "Azan" 1; "parent" "Ayala" 2;
"grandfather" "Ayala" 1; "grandmother" "Azan" 1; "parent" "Ayala" 2;
"grandfather" "Ayala" 1; "grandmother" "Azan" 1; "parent" "Ayala" 2;
"grandfather" "Ayala" 1; "grandmother" "Azan" 1; "parent" "Ayala" 2;
"grandfather" "Ayala" 1; "grandmother" "Azan" 1; "parent" "Ayala" 2;
"grandfather" "Ayala" 2; "grandmother" "Azan" 1; "parent" "Ayala" 2;
"grandfather" "Ayala" 2; "grandmother" "Azan" 1; "parent" "Ayala" 2;
"grandfather" "Ayala" 2; "grandmother" "Azan" 1; "parent" "Ayala" 3;
"grandfather" "Ayala" 2; "grandmother" "Azan" 1; "parent" "Ayala" 4;
"grandfather" "Ayala" 2; "grandmother" "Azan" 1; "parent" "Ayala" 4;
"grandfather" "Ayala" 2; "grandmother" "Azan" 1; "parent" "Ayala" 4;
"grandfather" "Ayala" 2; "grandmother" "Azan" 1; "parent" "Ayala" 3;
"grandfather" "Ayala" 2; "grandmother" "Azan" 1; "parent" "Ayala" 3;
"grandfather" "Ayala" 2; "grandmother" "Azan" 1; "parent" "Ayala" 3;
"grandfather" "Ayala" 2; "grandmother" "Azan" 1; "parent" "Ayala" 4;
"grandfather" "Ayala" 2; "grandmother" "Azan" 1; "parent" "Ayala" 4;
"grandfather" "Ayala" 2; "grandmother" "Azan" 1; "parent" "Ayala" 4;
"grandfather" "Ayala" 2; "grandmother" "Azan" 1; "parent" "Ayala" 5;
"grandfather" "Ayala" 2; "parent" "Ayala" 6;
"grandfather" "Ayala" "Pavel_Chekov" 1; "parent" "Ayala" 5;
"grandfather" "Ayala" "Pavel_Chekov" 1; "parent" "Ayala" 5;
"grandfather" "Ayala" "Pavel_Chekov" 1; "parent" "Ayala" 6;
"grandfather" "Ayala" "Pavel_Chekov" 1; "parent" "Ayala" 6;
"grandfather" "Ayala" "Pavel_Chekov" 1; "parent" "Ayala" 6;
"grandfather" "Ayala" "Pavel_Chekov" 1; "parent" "Ayala" 6;
"grandfather" "Ayala" "Pavel_Chekov" 1; "parent" "Ayala" 7;
"grandfather" "Ayala" "Pavel_Chekov" 1; "parent" "Ayala" 7;
"grandfather" "Ayala" "Boothby" "Pavel_Chekov" 1; "parent" "Ayala" 6;
"grandfather" "Ayala" "Boothby" "Pavel_Chekov" 1; "grandmother" "Ayala" 1; "parent" "Ayala" 6;
"grandfather" "Ayala" "Boothby" "Pavel_Chekov" 1; "grandmother" "Ayala" 1; "parent" "Ayala" 6;
"grandfather" "Ayala" "Boothby" "Pavel_Chekov" 1; "grandmother" "Ayala" 2; "parent" "Ayala" 6;
"grandfather" "Ayala" "Boothby" "Pavel_Chekov" 1; "grandmother" "Ayala" 1; "parent" "Ayala" 5;
"grandfather" "Airiam" "Ayala" "Boothby" 1; "grandmother" "Airiam" "Ayala" 1; "parent" "Ayala" 5;
"grandfather" "Airiam" "Ayala" "Boothby" 1; "grandmother" "Airiam" "Ayala" 1; "parent" "Ayala" 5;
"grandfather" "Airiam" "Ayala" "Joseph_Carey" 1; "grandmother" "Airiam" "Ayala" 1; "parent" "Ayala" 4;
"grandfather" "Airiam" "Ayala" "Joseph_Carey" 1; "grandmother" "Airiam" "Ayala" 1; "parent" "Ayala" 4;
"grandfather" "Airiam" "Ayala" "Boothby" "Joseph_Carey" 1; "grandmother" "Airiam" "Ayala" 1; "parent" "Ayala" 4;
"grandfather" "Airiam" "Ayala" "Boothby" "Joseph_Carey" 1; "grandmother" "Airiam" "Ayala" 1; "parent" "Ayala" 4;
"grandfather" "Ayala" "Boothby" "Joseph_Carey" 1; "grandmother" "Ayala" 1; "parent" "Ayala" 4;
"grandfather" "Boothby" 1; "grandmother" "Ayala" 1; "parent" "Ayala" 3;
"grandfather" "Boothby" 1; "grandmother" "Ayala" 1; "parent" "Ayala" 3;
"grandfather" "Boothby" 1; "grandmother" "Ayala" 1; "parent" "Ayala" 3;
"grandfather" "Ayala" 2; "grandmother" "Ayala" 3; "parent" "Ayala" 3;
"grandfather" "Ayala" 2; "grandmother" "Ayala" 3; "parent" "Ayala" 3;
"grandfather" "Ayala" 3; "grandmother" "Ayala" 3; "parent" "Ayala" 3;
"grandfather" "Ayala" 3; "grandmother" "Ayala" 3; "parent" "Ayala" 3;
"grandfather" "Ayala" 3; "grandmother" "Ayala" 3; "parent" "Ayala" 3;
"grandfather" "Ayala" 2; "grandmother" "Ayala" 3; "parent" "Ayala" 4;
"grandfather" "Ayala" 2; "grandmother" "Ayala" 3; "parent" "Ayala" 4;
"grandfather" "Ayala" 1; "grandmother" "Ayala" 3; "parent" "Ayala" 4;
"grandfather" "Ayala" "BEtor" 1; "grandmother" "Ayala" "Jonathan_Archer" 2; "parent" "Ayala" 4;
"grandfather" "Ayala" "BEtor" 2; "grandmother" "Ayala" "Jonathan_Archer" 2; "parent" "Ayala" 5;
"grandfather" "Ayala" "BEtor" 2; "grandmother" "Ayala" "Jonathan_Archer" 2; "parent" "Ayala" 5;
"grandfather" "Ayala" 3; "grandmother" "Ayala" "Jonathan_Archer" 2; "parent" "Ayala" 6;
"grandfather" "Ayala" 4; "grandmother" "Ayala" "Jonathan_Archer" 2; "parent" "Ayala" 6;
"grandfather" "Ayala" "BEtor" 3; "grandmother" "Ayala" "Jonathan_Archer" 2; "parent" "Ayala" 6;
"grandfather" "Ayala" 4; "grandmother" "Ayala" "Jonathan_Archer" 2; "parent" "Ayala" 6;
"grandfather" "Ayala" 5; "grandmother" "Ayala" "Jonathan_Archer" 2; "parent" "Ayala" 6;
"grandfather" "Ayala" 5; "grandmother" "Ayala" "Jonathan_Archer" 2; "parent" "Ayala" 6;
"grandfather" "BEtor" 2; "grandmother" "Jonathan_Archer" 2;
"grandfather" "BEtor" 2; "grandmother" "Jonathan_Archer" 2;
"grandfather" "BEtor" 2; "grandmother" "Jonathan_Archer" 2;
"grandfather" "BEtor" 2; "grandmother" "Jonathan_Archer" 2;
"grandfather" "BEtor" 2; "grandmother" "Jonathan_Archer" 2;
"grandfather" "BEtor" 2; "grandmother" "Jonathan_Archer" 2;
"grandfather" "BEtor" 2; "grandmother" "Jonathan_Archer" 2;
"grandfather" "Chakotay" "Christine_Chapel" 1; "grandmother" "Jonathan_Archer" 2;
"grandfather" "Chakotay" "Christine_Chapel" 1; "grandmother" "Jonathan_Archer" 2;
"grandfather" "Chakotay" "Christine_Chapel" 1; "grandmother" "Jonathan_Archer" 2;
"grandfather" "Chakotay" "Christine_Chapel" 1; "grandmother" "Jonathan_Archer" 2;
"grandfather" "Chakotay" "Christine_Chapel" 1; "grandmother" "Jonathan_Archer" 2;
"grandfather" "Chakotay" "Christine_Chapel" 1; "grandmother" "Jonathan_Archer" 1;
"grandfather" "Chakotay" "Christine_Chapel" 1; "grandmother" "Jonathan_Archer" 1;
"grandfather" "Chakotay" "Christine_Chapel" 1; "grandmother" "Jonathan_Archer" 1;
"grandfather" "Chakotay" "Christine_Chapel" 1; "grandmother" "Jonathan_Archer" 1;
"grandfather" "Chakotay" "Christine_Chapel" 1; "grandmother" "Jonathan_Archer" 1;
"grandfather" "Chakotay" "Christine_Chapel" 1; "grandmother" "Jonathan_Archer" 1;
"grandfather" "Chakotay" "Christine_Chapel" 1; "grandmother" "Jonathan_Archer" 1;
"grandfather" "Chakotay" "Christine_Chapel" 1; "grandmother" "Jonathan_Archer" 1;
"grandfather" "Chakotay" "Christine_Chapel" 1; "grandmother" "Jonathan_Archer" 1;
"grandfather" "Chakotay" "Christine_Chapel" 1; "grandmother" "Jonathan_Archer" 1;
"grandfather" "Chakotay" "Christine_Chapel" 1; "grandmother" "Jonathan_Archer" 1;
"grandfather" "Chakotay" 1; "grandmother" "Jonathan_Archer" 1;
"grandmother" "Jonathan_Archer" 1;
"grandmother" "Jonathan_Archer" 1;
"grandfather" "Joseph_Carey" 1; "grandmother" "Jonathan_Archer" 1;
"grandfather" "Joseph_Carey" 1; "grandmother" "Jonathan_Archer" 1;
"grandfather" "Airiam" "Joseph_Carey" 1;
"grandfather" "Airiam" "Joseph_Carey" 1; "parent" "Pavel_Chekov" 1;
"grandfather" "BEtor" 2; "grandmother" "Airiam" 2; "parent" "Jonathan_Archer" "Pavel_Chekov" 1;
"grandfather" "Airiam" "BEtor" 2; "grandmother" "Airiam" 2; "parent" "Jonathan_Archer" "Pavel_Chekov" 1;
"grandfather" "Airiam" "BEtor" 2; "grandmother" "Airiam" 3; "parent" "Jonathan_Archer" "Pavel_Chekov" 1;
"grandfather" "Airiam" "BEtor" 2; "grandmother" "Airiam" 3; "parent" "Jonathan_Archer" 1;
"grandfather" "Airiam" 3; "grandmother" "Airiam" 3; "parent" "Jonathan_Archer" 1;
"grandfather" "Airiam" "BEtor" 2; "grandmother" "Airiam" 3; "parent" "Jonathan_Archer" 1;
"grandfather" "Airiam" "BEtor" 2; "grandmother" "Airiam" 4; "parent" "Jonathan_Archer" 1;
"grandfather" "Airiam" "BEtor" 2; "grandmother" "Airiam" 4; "parent" "Jonathan_Archer" 1;
"grandfather" "BEtor" 3; "grandmother" "Airiam" 4; "parent" "Jonathan_Archer" 1;
"grandfather" "BEtor" 3; "grandmother" "Airiam" 5; "parent" "Jonathan_Archer" 1;
"grandfather" "BEtor" 3; "grandmother" "Airiam" 5; "parent" "Jonathan_Archer" 1;
"grandfather" "Ayala" 4; "grandmother" "Jonathan_Archer" 1;
"grandfather" "Ayala" 4; "grandmother" "Bareil_Antos" "Jonathan_Archer" 1;
"grandfather" "Ayala" 4; "grandmother" "Ayala" "Bareil_Antos" "Jonathan_Archer" 1; "parent" "Ayala" 1;
"grandfather" "Ayala" 3; "grandmother" "Ayala" "Bareil_Antos" "Jonathan_Archer" 1; "parent" "Ayala" 1;
"grandfather" "Ayala" 3; "grandmother" "Ayala" "Bareil_Antos" "Jonathan_Archer" 1; "parent" "Ayala" 1;
"grandfather" "Ayala" "BEtor" 2; "grandmother" "Ayala" "Bareil_Antos" "Jonathan_Archer" 1; "parent" "Ayala" 2;
"grandfather" "Ayala" 3; "grandmother" "Ayala" "Bareil_Antos" "Jonathan_Archer" 1; "parent" "Ayala" 1;
"grandfather" "Ayala" 3; "grandmother" "Ayala" "Bareil_Antos" "Jonathan_Archer" 1; "parent" "Ayala" 1;
"grandfather" "Ayala" 4; "grandmother" "Ayala" "Chakotay" 1; "parent" "Ayala" 1;
"grandfather" "Ayala" 4; "grandmother" "Ayala" "Chakotay" 1; "parent" "Ayala" 1;
"grandfather" "Ayala" 3; "grandmother" "Ayala" "Chakotay" 1; "parent" "Ayala" 1;
