"aunt" "Ayala" 1;
"aunt" "Ayala" 1;
"aunt" "Ayala" 1;
"aunt" "Ayala" 1; "parent" "Jonathan_Archer" 1;
"aunt" "Ayala" 1; "parent" "Jonathan_Archer" 1;
"aunt" "Ayala" "Jonathan_Archer" 1; "parent" "Jonathan_Archer" 1;
"aunt" "Ayala" "Jonathan_Archer" 1; "parent" "Jonathan_Archer" 1;
"aunt" "Jonathan_Archer" 2; "parent" "Jonathan_Archer" 1;
"aunt" "Jonathan_Archer" 2; "parent" "Jonathan_Archer" 1;
"aunt" "Jonathan_Archer" 2; "parent" "Jonathan_Archer" 1;
"aunt" "Airiam" "Jonathan_Archer" 1; "parent" "Jonathan_Archer" 1;
"aunt" "Jonathan_Archer" 2; "parent" "Jonathan_Archer" 1;
"aunt" "Jonathan_Archer" 2; "parent" "Jonathan_Archer" 1; "uncle" "Ayala" 1;
"aunt" "Jonathan_Archer" 2; "parent" "Jonathan_Archer" 1;
"aunt" "Jonathan_Archer" 2; "parent" "Jonathan_Archer" 2;
"aunt" "Jonathan_Archer" 2; "parent" "Jonathan_Archer" 2;
"aunt" "Jonathan_Archer" 2; "parent" "Jonathan_Archer" 2; "uncle" "Ayala" 1;
"aunt" "Airiam" "Jonathan_Archer" 2; "parent" "Jonathan_Archer" 2; "uncle" "Ayala" 1;
"aunt" "Airiam" "Jonathan_Archer" 2; "parent" "Jonathan_Archer" 3; "uncle" "Ayala" 1;
"aunt" "Airiam" "Jonathan_Archer" 2; "parent" "Jonathan_Archer" 3; "uncle" "Ayala" 1;
"aunt" "Airiam" 2; "parent" "Jonathan_Archer" 3; "uncle" "Ayala" "Boothby" 1;
"aunt" "Airiam" "Reginald_Barclay" 2; "parent" "Jonathan_Archer" 3; "uncle" "Airiam" "Ayala" "Boothby" 1;
"aunt" "Airiam" "Reginald_Barclay" 2; "parent" "Jonathan_Archer" 3; "uncle" "Airiam" "Ayala" "Boothby" 1;
"aunt" "Airiam" "Reginald_Barclay" 2; "parent" "Jonathan_Archer" 3; "uncle" "Airiam" "Ayala" "Boothby" "Jonathan_Archer" 1;
"aunt" "Ayala" 3; "parent" "Jonathan_Archer" 3; "uncle" "Airiam" "Ayala" "Boothby" "Jonathan_Archer" 1;
"aunt" "Ayala" 3; "parent" "Jonathan_Archer" 2; "uncle" "Airiam" "Boothby" "Jonathan_Archer" 1;
"aunt" "Airiam" "Reginald_Barclay" 2; "parent" "Jonathan_Archer" 2; "uncle" "Airiam" "Boothby" "Jonathan_Archer" 1;
"aunt" "Airiam" "Jonathan_Archer" "Reginald_Barclay" 2; "parent" "Jonathan_Archer" 2; "uncle" "Airiam" "Boothby" 1;
"aunt" "Airiam" "Jonathan_Archer" "Reginald_Barclay" 2; "parent" "Jonathan_Archer" 2; "uncle" "Airiam" "Boothby" 1;
"aunt" "Airiam" "Jonathan_Archer" "Reginald_Barclay" 2; "parent" "Jonathan_Archer" 2; "uncle" "Airiam" "Boothby" 1;
"aunt" "Airiam" "Jonathan_Archer" "Reginald_Barclay" 2; "parent" "Jonathan_Archer" 2; "uncle" "Airiam" "Boothby" 1;
"aunt" "Airiam" "Jonathan_Archer" "Reginald_Barclay" 2; "parent" "Jonathan_Archer" 2; "uncle" "Airiam" "Ayala" "Boothby" 1;
"aunt" "Airiam" "Jonathan_Archer" "Reginald_Barclay" 2; "parent" "Jonathan_Archer" 3; "uncle" "Airiam" "Ayala" "Boothby" 1;
"aunt" "Airiam" "Jonathan_Archer" "Reginald_Barclay" 2; "parent" "Jonathan_Archer" 3; "uncle" "Airiam" 2;
"aunt" "Airiam" "Jonathan_Archer" "Reginald_Barclay" 2; "parent" "Jonathan_Archer" 3; "uncle" "Airiam" 2;
"aunt" "Airiam" "Ayala" "Jonathan_Archer" "Reginald_Barclay" 2; "parent" "Jonathan_Archer" 3; "uncle" "Airiam" 2;
"aunt" "Airiam" "Ayala" "Jonathan_Archer" "Reginald_Barclay" 2; "parent" "Jonathan_Archer" 3; "uncle" "Airiam" "Boothby" 2;
"aunt" "Airiam" "Ayala" "Jonathan_Archer" "Reginald_Barclay" 2; "parent" "Jonathan_Archer" 4; "uncle" "Airiam" "Boothby" 2;
"aunt" "Airiam" "Ayala" "Jonathan_Archer" "Reginald_Barclay" 2; "parent" "Jonathan_Archer" 4; "uncle" "Airiam" "Boothby" 2;
"aunt" "Airiam" "Ayala" "Jonathan_Archer" "Reginald_Barclay" 2; "parent" "Jonathan_Archer" 4; "uncle" "Airiam" 3;
"aunt" "Airiam" "Ayala" "Jonathan_Archer" "Reginald_Barclay" 2; "parent" "Jonathan_Archer" 4; "uncle" "Airiam" 3;
"aunt" "Airiam" "Ayala" "Jonathan_Archer" "Reginald_Barclay" 2; "parent" "Jonathan_Archer" 5; "uncle" "Airiam" 4;
"aunt" "Airiam" "Ayala" "Jonathan_Archer" "Reginald_Barclay" 2; "parent" "Jonathan_Archer" 5; "uncle" "Airiam" 4;
"aunt" "Airiam" "Ayala" "Jonathan_Archer" "Reginald_Barclay" 2; "parent" "Jonathan_Archer" 5; "uncle" "Airiam" 4;
"aunt" "Reginald_Barclay" 3; "parent" "Jonathan_Archer" 5; "uncle" "Airiam" 4;
"aunt" "Reginald_Barclay" 3; "parent" "Jonathan_Archer" 5; "uncle" "Airiam" 4;
"aunt" "Chell" "Reginald_Barclay" 2; "parent" "Airiam" "Joseph_Carey" 1; "uncle" "Airiam" 4;
"aunt" "Chell" "Reginald_Barclay" 2; "parent" "Airiam" "Joseph_Carey" 1; "uncle" "Airiam" 4;
"aunt" "Chell" "Reginald_Barclay" 2; "parent" "Airiam" "Joseph_Carey" 1; "uncle" "Airiam" 4;
"aunt" "Chell" "Reginald_Barclay" 2; "parent" "Airiam" "Joseph_Carey" 1; "uncle" "Airiam" 4;
"aunt" "Boothby" "Chell" "Reginald_Barclay" 2; "parent" "Airiam" "Joseph_Carey" 1; "uncle" "Airiam" 4;
"aunt" "Boothby" "Chell" "Reginald_Barclay" 2; "parent" "Airiam" "Joseph_Carey" 1; "uncle" "Airiam" 4;
"aunt" "Boothby" "Chell" "Reginald_Barclay" 2; "parent" "Airiam" "Joseph_Carey" 1; "uncle" "Airiam" 4;
"aunt" "Boothby" "Chell" "Reginald_Barclay" 2; "parent" "Airiam" "Joseph_Carey" 1; "uncle" "Airiam" 4;
"aunt" "Boothby" "Chell" "Reginald_Barclay" 2; "parent" "Airiam" "Joseph_Carey" 1; "uncle" "Airiam" 4;
"aunt" "Chell" "Reginald_Barclay" 2; "parent" "Airiam" "Joseph_Carey" 1; "uncle" "Airiam" 3;
"aunt" "Chell" "Reginald_Barclay" 2; "parent" "Airiam" "Joseph_Carey" 1; "uncle" "Airiam" 3;
"aunt" "Chell" "Reginald_Barclay" 2; "parent" "Airiam" "Joseph_Carey" 1; "uncle" "Airiam" 3;
"aunt" "Chell" "Reginald_Barclay" 2; "parent" "Airiam" "Joseph_Carey" 1; "uncle" "Airiam" 3;
"aunt" "Chell" "Reginald_Barclay" 2; "parent" "Airiam" "Joseph_Carey" 1; "uncle" "Airiam" 3;
"aunt" "Chell" "Reginald_Barclay" 2; "parent" "Airiam" "Joseph_Carey" 1; "uncle" "Airiam" 4;
"aunt" "Chell" "Reginald_Barclay" 2; "parent" "Airiam" "Joseph_Carey" 1; "uncle" "Airiam" 4;
"aunt" "Chell" "Reginald_Barclay" 2; "uncle" "Ayala" "Leonardo_da_Vinci" 1;
"aunt" "Ayala" "Chell" "J_M_Colt" 1; "parent" "Ayala" 1; "uncle" "Leonardo_da_Vinci" 1;
"aunt" "Ayala" "Chell" "J_M_Colt" 1; "parent" "Ayala" 1; "uncle" "Leonardo_da_Vinci" 1;
"aunt" "Ayala" "Chell" "J_M_Colt" 1; "parent" "Ayala" 1; "uncle" "Leonardo_da_Vinci" 1;
"aunt" "Chell" 1; "parent" "Ayala" 1; "uncle" "Leonardo_da_Vinci" 1;
"aunt" "Chell" 1; "parent" "Ayala" 1; "uncle" "Leonardo_da_Vinci" 1;
"aunt" "Chell" 1; "parent" "Ayala" 1; "uncle" "Leonardo_da_Vinci" 1;
"aunt" "Chell" 1; "parent" "Ayala" 1; "uncle" "Leonardo_da_Vinci" 1;
"aunt" "Chell" 1; "parent" "Ayala" 1; "uncle" "Leonardo_da_Vinci" 1;
"aunt" "Chell" 1; "parent" "Ayala" 1; "uncle" "Leonardo_da_Vinci" 1;
"aunt" "Chell" 1; "parent" "Ayala" 1;
"aunt" "Chell" 1; "parent" "Ayala" 1;
"aunt" "Ayala" "Chell" 1; "parent" "Ayala" 1;
"aunt" "Ayala" "Chell" 1; "parent" "Ayala" 1;
"aunt" "Ayala" "Chell" 1; "parent" "Ayala" 1;
"aunt" "Ayala" "Chell" 1; "parent" "Ayala" 1;
"aunt" "Ayala" "Chell" 1; "parent" "Ayala" 1;
"aunt" "Chell" 1; "parent" "Ayala" 1;
"aunt" "Chell" 1; "parent" "Ayala" 1;
"aunt" "Chell" 1; "parent" "Ayala" 1;
"aunt" "Brunt" "Chell" 1; "parent" "Ayala" 1;
"aunt" "Brunt" "Chell" 1; "parent" "Ayala" 1;
