none
"helps" "Bilbo_Baggins" 1;
"helps" "Bilbo_Baggins" "Theoden" 1;
"helps" "Arwen" "Bilbo_Baggins" "Theoden" "Treebeard" 1;
"helps" "Arwen" "Bilbo_Baggins" "Theoden" "Tom_Bombadil" "Treebeard" 1;
"helps" "Arwen" "Bilbo_Baggins" "Theoden" "Tom_Bombadil" "Treebeard" 1;
"helps" "Treebeard" 2;
"helps" "Treebeard" 2;
"helps" "Bilbo_Baggins" 3;
"helps" "Bilbo_Baggins" 3;
"helps" "Treebeard" 4;
"helps" "Treebeard" 4;
"helps" "Treebeard" 3;
"helps" "Treebeard" 3;
"helps" "Tom_Bombadil" 3;
"helps" "Tom_Bombadil" 3;
"helps" "Frodo_Baggins" "Gandalf" "Gimli" "Legolas" "Samwise_Gamgee" "Tom_Bombadil" "Treebeard" 2;
"helps" "Frodo_Baggins" "Gandalf" "Gimli" "Legolas" "Samwise_Gamgee" "Tom_Bombadil" "Treebeard" 2;
"helps" "Frodo_Baggins" "Gandalf" "Gimli" "Legolas" "Samwise_Gamgee" "Theoden" "Tom_Bombadil" "Treebeard" 2;
"helps" "Frodo_Baggins" 3;
"helps" "Frodo_Baggins" 3;
"helps" "Arwen" "Frodo_Baggins" 3;
"helps" "Arwen" "Frodo_Baggins" 3;
"helps" "Arwen" "Frodo_Baggins" 3;
"helps" "Arwen" "Gandalf" "Treebeard" 3;
"helps" "Arwen" "Gandalf" "Treebeard" 3;
"helps" "Gandalf" "Treebeard" 3;
"helps" "Gandalf" "Treebeard" 3;
"helps" "Gandalf" 3;
"helps" "Gandalf" "Gimli" 3;
"helps" "Gandalf" "Gimli" 3;
"helps" "Gandalf" 3;
